<?xml version="1.0" encoding="UTF-8"?>
<!-- Generated by org.testng.reporters.JUnitReportReporter -->
<testsuite hostname="Networking" name="com.projectName.cucumber.runners.ValidateCustomerFeatureRunner" tests="1" failures="0" timestamp="20 Jul 2020 01:13:22 GMT" time="82.347" errors="0">
  <testcase name="runCukes" time="82.347" classname="com.projectName.cucumber.runners.ValidateCustomerFeatureRunner"/>
</testsuite> <!-- com.projectName.cucumber.runners.ValidateCustomerFeatureRunner -->
