<?xml version="1.0" encoding="UTF-8"?>
<!-- Generated by org.testng.reporters.JUnitReportReporter -->
<testsuite hostname="Networking" name="com.projectName.cucumber.runnners.LoginFeatureRunner" tests="1" failures="0" timestamp="19 Jul 2020 06:30:44 GMT" time="41.112" errors="0">
  <testcase name="runCukes" time="41.112" classname="com.projectName.cucumber.runnners.LoginFeatureRunner"/>
</testsuite> <!-- com.projectName.cucumber.runnners.LoginFeatureRunner -->
