<?xml version="1.0" encoding="UTF-8"?>
<!-- Generated by org.testng.reporters.JUnitReportReporter -->
<testsuite hostname="Networking" name="com.projectName.cucumber.runners.ValidatePricingFeatureRunner" tests="1" failures="0" timestamp="20 Jul 2020 01:13:22 GMT" time="85.610" errors="0">
  <testcase name="runCukes" time="85.610" classname="com.projectName.cucumber.runners.ValidatePricingFeatureRunner"/>
</testsuite> <!-- com.projectName.cucumber.runners.ValidatePricingFeatureRunner -->
