<?xml version="1.0" encoding="UTF-8"?>
<!-- Generated by org.testng.reporters.JUnitReportReporter -->
<testsuite hostname="Networking" name="com.projectName.cucumber.runnners.ValidatePricingFeatureRunner" tests="1" failures="0" timestamp="19 Jul 2020 06:32:24 GMT" time="1.008" errors="0">
  <testcase name="runCukes" time="1.008" classname="com.projectName.cucumber.runnners.ValidatePricingFeatureRunner"/>
</testsuite> <!-- com.projectName.cucumber.runnners.ValidatePricingFeatureRunner -->
