<?xml version="1.0" encoding="UTF-8"?>
<!-- Generated by org.testng.reporters.JUnitReportReporter -->
<testsuite hostname="Networking" name="com.w2a.cucumber.zoho.runners.ValidatePricingFeatureRunner" tests="1" failures="0" timestamp="19 Jul 2020 07:56:30 GMT" time="94.968" errors="0">
  <testcase name="runCukes" time="94.968" classname="com.w2a.cucumber.zoho.runners.ValidatePricingFeatureRunner"/>
</testsuite> <!-- com.w2a.cucumber.zoho.runners.ValidatePricingFeatureRunner -->
