<?xml version="1.0" encoding="UTF-8"?>
<!-- Generated by org.testng.reporters.JUnitReportReporter -->
<testsuite hostname="Networking" name="com.w2a.cucumber.zoho.runners.LoginFeatureRunner" tests="1" failures="0" timestamp="19 Jul 2020 07:56:30 GMT" time="36.627" errors="0">
  <testcase name="runCukes" time="36.627" classname="com.w2a.cucumber.zoho.runners.LoginFeatureRunner"/>
</testsuite> <!-- com.w2a.cucumber.zoho.runners.LoginFeatureRunner -->
