<?xml version="1.0" encoding="UTF-8"?>
<!-- Generated by org.testng.reporters.JUnitReportReporter -->
<testsuite skipped="0" hostname="Networking" name="com.projectName.cucumber.runners.ValidateCRMFeatureRunner" tests="2" failures="0" timestamp="22 Jul 2020 16:36:59 GMT" time="225.065" errors="0">
  <testcase name="runScenario" time="72.454" classname="com.projectName.cucumber.runners.ValidateCRMFeatureRunner"/>
  <testcase name="runScenario" time="152.611" classname="com.projectName.cucumber.runners.ValidateCRMFeatureRunner"/>
</testsuite> <!-- com.projectName.cucumber.runners.ValidateCRMFeatureRunner -->
