<?xml version="1.0" encoding="UTF-8"?>
<!-- Generated by org.testng.reporters.JUnitReportReporter -->
<testsuite skipped="0" hostname="Networking" name="com.projectName.cucumber.runners.LoginFeatureRunner" tests="1" failures="0" timestamp="22 Jul 2020 16:36:59 GMT" time="150.939" errors="0">
  <testcase name="runScenario" time="150.939" classname="com.projectName.cucumber.runners.LoginFeatureRunner"/>
</testsuite> <!-- com.projectName.cucumber.runners.LoginFeatureRunner -->
