<?xml version="1.0" encoding="UTF-8"?>
<!-- Generated by org.testng.reporters.JUnitReportReporter -->
<testsuite skipped="0" hostname="Networking" name="com.projectName.cucumber.runners.ValidateCustomerFeatureRunner" tests="1" failures="0" timestamp="22 Jul 2020 16:36:59 GMT" time="149.915" errors="0">
  <testcase name="runScenario" time="149.915" classname="com.projectName.cucumber.runners.ValidateCustomerFeatureRunner"/>
</testsuite> <!-- com.projectName.cucumber.runners.ValidateCustomerFeatureRunner -->
