<?xml version="1.0" encoding="UTF-8"?>
<!-- Generated by org.testng.reporters.JUnitReportReporter -->
<testsuite skipped="0" hostname="Networking" name="com.projectName.cucumber.runners.ValidatePricingFeatureRunner" tests="1" failures="0" timestamp="22 Jul 2020 16:36:59 GMT" time="155.049" errors="0">
  <testcase name="runScenario" time="155.049" classname="com.projectName.cucumber.runners.ValidatePricingFeatureRunner"/>
</testsuite> <!-- com.projectName.cucumber.runners.ValidatePricingFeatureRunner -->
