<?xml version="1.0" encoding="UTF-8"?>
<!-- Generated by org.testng.reporters.JUnitReportReporter -->
<testsuite skipped="0" hostname="Networking" name="com.projectName.cucumber.runners.LoginFeatureRunner" tests="1" failures="0" timestamp="21 Jul 2020 12:56:32 GMT" time="45.279" errors="0">
  <testcase name="runScenario" time="45.279" classname="com.projectName.cucumber.runners.LoginFeatureRunner"/>
</testsuite> <!-- com.projectName.cucumber.runners.LoginFeatureRunner -->
