<?xml version="1.0" encoding="UTF-8"?>
<!-- Generated by org.testng.reporters.JUnitReportReporter -->
<testsuite skipped="0" hostname="Networking" name="com.projectName.cucumber.runners.ValidateCRMFeatureRunner" tests="2" failures="0" timestamp="21 Jul 2020 12:56:32 GMT" time="108.381" errors="0">
  <testcase name="runScenario" time="60.183" classname="com.projectName.cucumber.runners.ValidateCRMFeatureRunner"/>
  <testcase name="runScenario" time="48.198" classname="com.projectName.cucumber.runners.ValidateCRMFeatureRunner"/>
</testsuite> <!-- com.projectName.cucumber.runners.ValidateCRMFeatureRunner -->
